no-obsolete  ca  1178
untranslated ca  25
fuzzy        ca  17

no-obsolete  de  1178
untranslated de  0
fuzzy        de  0

no-obsolete  es  1178
untranslated es  25
fuzzy        es  15

no-obsolete  fr  1178
untranslated fr  25
fuzzy        fr  15

no-obsolete  it  1178
untranslated it  0
fuzzy        it  0

no-obsolete  ja  1178
untranslated ja  0
fuzzy        ja  0

no-obsolete  ru  1178
untranslated ru  0
fuzzy        ru  0

no-obsolete  zh-cn  1178
untranslated zh-cn  261
fuzzy        zh-cn  591

no-obsolete  zh-tw  1178
untranslated zh-tw  288
fuzzy        zh-tw  611

